epoch = 	100	
ConfusionMatrix:
[[    5899       2       1       1       0       2       4       0       7       7]   99.595% 	[class: 0]
 [       1    6701       9       3       3       0       1       9      13       2]   99.392% 	[class: 1]
 [       4       2    5928       4       5       0       0       9       4       2]   99.496% 	[class: 2]
 [       1       4      11    6055       1      10       0      15      19      15]   98.760% 	[class: 3]
 [       1       5       3       0    5804       1       4       4       2      18]   99.350% 	[class: 4]
 [       3       1       2      14       2    5377       9       1       8       4]   99.188% 	[class: 5]
 [       6       3       0       0       6       1    5894       0       8       0]   99.594% 	[class: 6]
 [       2      11       7       3       3       1       0    6216       3      19]   99.218% 	[class: 7]
 [       5      21       2       7       2       1       9       1    5798       5]   99.094% 	[class: 8]
 [       5       5       1      10      12       3       0      14       6    5893]]  99.059% 	[class: 9]
 + average row correct: 99.274659752846% 
 + average rowUcol correct (VOC measure): 98.565670251846% 
 + global correct: 99.275%
 ==> testing on the tset set	
 [=================== 10000/10000 =============>] ETA: 0ms | Step: 0ms          
ConfusionMatrix:
[[     968       0       0       1       1       2       3       2       1       2]   98.776% 	[class: 0]
 [       1    1125       2       1       0       1       2       0       3       0]   99.119% 	[class: 1]
 [       6       1    1004       4       1       0       3       6       7       0]   97.287% 	[class: 2]
 [       0       0       4     984       1       5       0       5       8       3]   97.426% 	[class: 3]
 [       3       0       3       1     949       0       4       1       2      19]   96.640% 	[class: 4]
 [       3       0       0      13       0     861       4       0       7       4]   96.525% 	[class: 5]
 [       7       2       1       1       4       3     936       1       3       0]   97.704% 	[class: 6]
 [       1       3       5       3       2       0       0    1001       2      11]   97.374% 	[class: 7]
 [       5       2       3       9       3       4       5       3     936       4]   96.099% 	[class: 8]
 [       2       5       0      10       8       4       0       4       3     973]]  96.432% 	[class: 9]
 + average row correct: 97.337895035744% 
 + average rowUcol correct (VOC measure): 94.842155575752% 
 + global correct: 97.37%

